=== DAVINCI PROJECT COMPLETE ERROR REPORT ===
Generated: Tue Jun  3 13:12:30 EDT 2025
Repository: https://github.com/alecrj/davinci.git
Branch: main

=== TOTAL ERRORS ===
207

=== EVERY SINGLE ERROR (COMPLETE) ===
app/(tabs)/_layout.tsx(7,27): error TS2307: Cannot find module '@/utils/haptics' or its corresponding type declarations.
app/(tabs)/home.tsx(88,17): error TS2345: Argument of type '`/lessons/${string}`' is not assignable to parameter of type 'RelativePathString | ExternalPathString | "/" | `/?${string}` | `/#${string}` | "/modal" | `/modal?${string}` | `/modal#${string}` | "/_sitemap" | `/_sitemap?${string}` | `/_sitemap#${string}` | ... 113 more ... | { ...; }'.
app/(tabs)/home.tsx(100,14): error TS2322: Type '{ children: Element[]; height: number; width: number; style: { transform: { rotateZ: string; }[]; }; }' is not assignable to type 'IntrinsicAttributes & IntrinsicClassAttributes<View> & Readonly<ViewProps>'.
  Property 'height' does not exist on type 'IntrinsicAttributes & IntrinsicClassAttributes<View> & Readonly<ViewProps>'.
app/(tabs)/home.tsx(102,13): error TS2322: Type '{ stroke: any; fill: string; cx: number; cy: number; r: number; strokeWidth: number; }' is not assignable to type 'IntrinsicAttributes & IntrinsicClassAttributes<View> & Readonly<ViewProps>'.
  Property 'stroke' does not exist on type 'IntrinsicAttributes & IntrinsicClassAttributes<View> & Readonly<ViewProps>'.
app/(tabs)/home.tsx(102,27): error TS2339: Property 'colors' does not exist on type 'ColorPalette'.
app/(tabs)/home.tsx(110,13): error TS2322: Type '{ stroke: any; fill: string; cx: number; cy: number; r: number; strokeWidth: number; strokeDasharray: string; strokeDashoffset: number; strokeLinecap: string; transform: string; }' is not assignable to type 'IntrinsicAttributes & IntrinsicClassAttributes<View> & Readonly<ViewProps>'.
  Property 'stroke' does not exist on type 'IntrinsicAttributes & IntrinsicClassAttributes<View> & Readonly<ViewProps>'.
app/(tabs)/home.tsx(110,27): error TS2339: Property 'colors' does not exist on type 'ColorPalette'.
app/(tabs)/home.tsx(123,63): error TS2339: Property 'colors' does not exist on type 'ColorPalette'.
app/(tabs)/home.tsx(126,62): error TS2339: Property 'colors' does not exist on type 'ColorPalette'.
app/(tabs)/home.tsx(140,9): error TS2322: Type 'string[]' is not assignable to type 'readonly [ColorValue, ColorValue, ...ColorValue[]]'.
  Source provides no match for required element at position 0 in target.
app/(tabs)/home.tsx(157,70): error TS2339: Property 'colors' does not exist on type 'ColorPalette'.
app/(tabs)/home.tsx(164,55): error TS2339: Property 'colors' does not exist on type 'ColorPalette'.
app/(tabs)/home.tsx(167,59): error TS2339: Property 'colors' does not exist on type 'ColorPalette'.
app/(tabs)/home.tsx(172,66): error TS2339: Property 'colors' does not exist on type 'ColorPalette'.
app/(tabs)/home.tsx(180,69): error TS2339: Property 'colors' does not exist on type 'ColorPalette'.
app/(tabs)/home.tsx(181,61): error TS2339: Property 'colors' does not exist on type 'ColorPalette'.
app/(tabs)/home.tsx(188,64): error TS2339: Property 'colors' does not exist on type 'ColorPalette'.
app/(tabs)/home.tsx(191,64): error TS2339: Property 'colors' does not exist on type 'ColorPalette'.
app/(tabs)/home.tsx(196,64): error TS2339: Property 'colors' does not exist on type 'ColorPalette'.
app/(tabs)/home.tsx(199,64): error TS2339: Property 'colors' does not exist on type 'ColorPalette'.
app/(tabs)/home.tsx(209,61): error TS2339: Property 'colors' does not exist on type 'ColorPalette'.
app/(tabs)/home.tsx(224,65): error TS2339: Property 'colors' does not exist on type 'ColorPalette'.
app/(tabs)/index.tsx(20,17): error TS2345: Argument of type '"/lessons/basic-shapes"' is not assignable to parameter of type 'RelativePathString | ExternalPathString | "/" | `/?${string}` | `/#${string}` | "/modal" | `/modal?${string}` | `/modal#${string}` | "/_sitemap" | `/_sitemap?${string}` | `/_sitemap#${string}` | ... 113 more ... | { ...; }'.
app/(tabs)/index.tsx(72,62): error TS2339: Property 'accent' does not exist on type 'ColorPalette'.
app/(tabs)/practice.tsx(68,70): error TS2339: Property 'colors' does not exist on type 'ColorPalette'.
app/(tabs)/practice.tsx(72,54): error TS2339: Property 'colors' does not exist on type 'ColorPalette'.
app/(tabs)/practice.tsx(75,57): error TS2339: Property 'colors' does not exist on type 'ColorPalette'.
app/(tabs)/practice.tsx(81,67): error TS2339: Property 'colors' does not exist on type 'ColorPalette'.
app/(tabs)/practice.tsx(83,62): error TS2339: Property 'colors' does not exist on type 'ColorPalette'.
app/(tabs)/practice.tsx(87,63): error TS2339: Property 'colors' does not exist on type 'ColorPalette'.
app/(tabs)/practice.tsx(92,61): error TS2339: Property 'colors' does not exist on type 'ColorPalette'.
app/(tabs)/practice.tsx(103,13): error TS2322: Type '({ borderRadius: number; overflow: "hidden"; shadowColor: string; shadowOffset: { width: number; height: number; }; shadowOpacity: number; shadowRadius: number; elevation: number; } | { backgroundColor: any; })[]' is not assignable to type 'ViewStyle'.
  Types of property 'filter' are incompatible.
    Type '{ <S extends { borderRadius: number; overflow: "hidden"; shadowColor: string; shadowOffset: { width: number; height: number; }; shadowOpacity: number; shadowRadius: number; elevation: number; } | { backgroundColor: any; }>(predicate: (value: { ...; } | { ...; }, index: number, array: ({ ...; } | { ...; })[]) => valu...' is not assignable to type 'string | readonly FilterFunction[] | undefined'.
app/(tabs)/practice.tsx(103,61): error TS2339: Property 'colors' does not exist on type 'ColorPalette'.
app/(tabs)/practice.tsx(107,75): error TS2339: Property 'colors' does not exist on type 'ColorPalette'.
app/(tabs)/practice.tsx(135,61): error TS2339: Property 'colors' does not exist on type 'ColorPalette'.
app/(tabs)/practice.tsx(149,31): error TS2339: Property 'colors' does not exist on type 'ColorPalette'.
app/(tabs)/practice.tsx(150,31): error TS2339: Property 'colors' does not exist on type 'ColorPalette'.
app/(tabs)/practice.tsx(160,31): error TS2339: Property 'colors' does not exist on type 'ColorPalette'.
app/(tabs)/practice.tsx(171,65): error TS2339: Property 'colors' does not exist on type 'ColorPalette'.
app/(tabs)/practice.tsx(172,64): error TS2339: Property 'colors' does not exist on type 'ColorPalette'.
app/(tabs)/practice.tsx(174,60): error TS2339: Property 'colors' does not exist on type 'ColorPalette'.
app/(tabs)/practice.tsx(177,59): error TS2339: Property 'colors' does not exist on type 'ColorPalette'.
app/(tabs)/practice.tsx(187,11): error TS2322: Type 'string' is not assignable to type 'ShapeType'.
app/(tabs)/profile.tsx(14,27): error TS2307: Cannot find module '@/utils/haptics' or its corresponding type declarations.
app/(tabs)/profile.tsx(17,19): error TS2339: Property 'mode' does not exist on type 'ThemeContextType'.
app/(tabs)/profile.tsx(17,25): error TS2339: Property 'setThemeMode' does not exist on type 'ThemeContextType'.
app/(tabs)/profile.tsx(96,11): error TS2322: Type '"slideInDown"' is not assignable to type 'AnimationType | undefined'.
app/(tabs)/profile.tsx(152,66): error TS2339: Property 'accent' does not exist on type 'ColorPalette'.
app/(tabs)/progress.tsx(88,21): error TS2322: Type 'string[]' is not assignable to type 'readonly [ColorValue, ColorValue, ...ColorValue[]]'.
  Source provides no match for required element at position 0 in target.
app/(tabs)/progress.tsx(99,32): error TS2339: Property 'colors' does not exist on type 'ColorPalette'.
app/(tabs)/progress.tsx(105,63): error TS2339: Property 'colors' does not exist on type 'ColorPalette'.
app/(tabs)/progress.tsx(108,69): error TS2339: Property 'colors' does not exist on type 'ColorPalette'.
app/(tabs)/progress.tsx(112,70): error TS2339: Property 'colors' does not exist on type 'ColorPalette'.
app/(tabs)/progress.tsx(117,65): error TS2339: Property 'colors' does not exist on type 'ColorPalette'.
app/(tabs)/progress.tsx(117,88): error TS2339: Property 'colors' does not exist on type 'ColorPalette'.
app/(tabs)/progress.tsx(123,61): error TS2339: Property 'colors' does not exist on type 'ColorPalette'.
app/(tabs)/progress.tsx(129,66): error TS2339: Property 'colors' does not exist on type 'ColorPalette'.
app/(tabs)/progress.tsx(135,70): error TS2339: Property 'colors' does not exist on type 'ColorPalette'.
app/(tabs)/progress.tsx(141,50): error TS2339: Property 'colors' does not exist on type 'ColorPalette'.
app/(tabs)/progress.tsx(144,57): error TS2339: Property 'colors' does not exist on type 'ColorPalette'.
app/(tabs)/progress.tsx(178,67): error TS2339: Property 'colors' does not exist on type 'ColorPalette'.
app/(tabs)/progress.tsx(179,61): error TS2339: Property 'colors' does not exist on type 'ColorPalette'.
app/(tabs)/progress.tsx(187,65): error TS2339: Property 'colors' does not exist on type 'ColorPalette'.
app/(tabs)/progress.tsx(193,57): error TS2339: Property 'colors' does not exist on type 'ColorPalette'.
app/(tabs)/progress.tsx(193,80): error TS2339: Property 'colors' does not exist on type 'ColorPalette'.
app/(tabs)/progress.tsx(203,63): error TS2339: Property 'colors' does not exist on type 'ColorPalette'.
app/(tabs)/progress.tsx(206,63): error TS2339: Property 'colors' does not exist on type 'ColorPalette'.
app/(tabs)/progress.tsx(214,61): error TS2339: Property 'colors' does not exist on type 'ColorPalette'.
app/(tabs)/progress.tsx(223,66): error TS2339: Property 'colors' does not exist on type 'ColorPalette'.
app/assessment/drawing-test.tsx(82,7): error TS2322: Type 'number' is not assignable to type 'Timeout'.
app/assessment/drawing-test.tsx(210,7): error TS2322: Type 'SkillLevel' is not assignable to type 'SkillLevel | undefined'.
  Type '"hobby"' is not assignable to type 'SkillLevel | undefined'.
app/assessment/drawing-test.tsx(244,42): error TS2339: Property 'accent' does not exist on type 'ColorPalette'.
app/assessment/index.tsx(94,74): error TS2339: Property 'accentLight' does not exist on type 'ColorPalette'.
app/assessment/index.tsx(104,74): error TS2339: Property 'accentLight' does not exist on type 'ColorPalette'.
app/assessment/questions.tsx(179,42): error TS2339: Property 'accent' does not exist on type 'ColorPalette'.
app/assessment/questions.tsx(215,57): error TS2339: Property 'accentLight' does not exist on type 'ColorPalette'.
app/assessment/questions.tsx(216,53): error TS2339: Property 'accent' does not exist on type 'ColorPalette'.
app/assessment/questions.tsx(226,57): error TS2339: Property 'accent' does not exist on type 'ColorPalette'.
app/assessment/questions.tsx(227,61): error TS2339: Property 'accent' does not exist on type 'ColorPalette'.
app/assessment/questions.tsx(237,51): error TS2339: Property 'accent' does not exist on type 'ColorPalette'.
app/assessment/results.tsx(97,70): error TS2339: Property 'colors' does not exist on type 'ColorPalette'.
app/assessment/results.tsx(99,24): error TS2339: Property 'colors' does not exist on type 'ColorPalette'.
app/assessment/results.tsx(106,48): error TS2339: Property 'colors' does not exist on type 'ColorPalette'.
app/assessment/results.tsx(112,13): error TS2322: Type 'string[]' is not assignable to type 'readonly [ColorValue, ColorValue, ...ColorValue[]]'.
  Source provides no match for required element at position 0 in target.
app/assessment/results.tsx(122,54): error TS2339: Property 'colors' does not exist on type 'ColorPalette'.
app/assessment/results.tsx(126,65): error TS2339: Property 'colors' does not exist on type 'ColorPalette'.
app/assessment/results.tsx(127,58): error TS2339: Property 'colors' does not exist on type 'ColorPalette'.
app/assessment/results.tsx(137,60): error TS2339: Property 'colors' does not exist on type 'ColorPalette'.
app/assessment/results.tsx(149,62): error TS2339: Property 'colors' does not exist on type 'ColorPalette'.
app/assessment/results.tsx(165,59): error TS2339: Property 'colors' does not exist on type 'ColorPalette'.
app/index.tsx(14,21): error TS2339: Property 'isLoading' does not exist on type 'UserProgressContextType'.
app/index.tsx(23,19): error TS2339: Property 'hasCompletedOnboarding' does not exist on type 'UserProgress'.
app/index.tsx(26,26): error TS2339: Property 'hasCompletedAssessment' does not exist on type 'UserProgress'.
app/index.tsx(33,27): error TS2339: Property 'hasCompletedOnboarding' does not exist on type 'UserProgress'.
app/index.tsx(33,60): error TS2339: Property 'hasCompletedAssessment' does not exist on type 'UserProgress'.
app/onboarding/draw-anything.tsx(19,31): error TS2307: Cannot find module '@/utils/haptics' or its corresponding type declarations.
app/onboarding/draw-anything.tsx(82,7): error TS2353: Object literal may only specify known properties, and 'hasCompletedOnboarding' does not exist in type 'Partial<UserProgress>'.
app/onboarding/draw-anything.tsx(140,88): error TS2339: Property 'accent' does not exist on type 'ColorPalette'.
app/onboarding/draw-anything.tsx(141,88): error TS2339: Property 'accent' does not exist on type 'ColorPalette'.
app/onboarding/draw-anything.tsx(142,94): error TS2339: Property 'accent' does not exist on type 'ColorPalette'.
app/onboarding/draw-anything.tsx(186,12): error TS2741: Property 'shape' is missing in type '{ detectedShape: ShapeType; userDrawing: any; onComplete: () => void; }' but required in type 'MagicTransformationProps'.
src/components/drawing/CircleChallenge.tsx(125,11): error TS2322: Type '{ onDrawingComplete: (path: { x: number; y: number; }[]) => void; width: number; height: number; }' is not assignable to type 'IntrinsicAttributes & TouchDrawingCanvasProps'.
  Property 'width' does not exist on type 'IntrinsicAttributes & TouchDrawingCanvasProps'.
src/components/drawing/CircleChallenge.tsx(141,9): error TS2322: Type '{ originalPath: { x: number; y: number; }[]; onTransformationComplete: () => void; }' is not assignable to type 'IntrinsicAttributes & MagicTransformationProps'.
  Property 'originalPath' does not exist on type 'IntrinsicAttributes & MagicTransformationProps'.
src/components/drawing/DrawAnythingCanvas.tsx(7,10): error TS2305: Module '"@/utils/platform/haptics"' has no exported member 'hapticFeedback'.
src/components/drawing/DrawingCelebration.tsx(11,31): error TS2307: Cannot find module '@/utils/haptics' or its corresponding type declarations.
src/components/drawing/DrawingCelebration.tsx(82,23): error TS7053: Element implicitly has an 'any' type because expression of type 'ShapeType' can't be used to index type '{ circle: { title: string; subtitle: string; achievement: string; }; square: { title: string; subtitle: string; achievement: string; }; triangle: { title: string; subtitle: string; achievement: string; }; ... 5 more ...; unknown: { ...; }; }'.
  Property 'rectangle' does not exist on type '{ circle: { title: string; subtitle: string; achievement: string; }; square: { title: string; subtitle: string; achievement: string; }; triangle: { title: string; subtitle: string; achievement: string; }; ... 5 more ...; unknown: { ...; }; }'.
src/components/drawing/DrawingCelebration.tsx(169,58): error TS2339: Property 'accent' does not exist on type 'ColorPalette'.
src/components/drawing/DrawingCelebration.tsx(210,38): error TS2339: Property 'accent' does not exist on type 'ColorPalette'.
src/components/drawing/DrawingCelebration.tsx(230,61): error TS2339: Property 'accent' does not exist on type 'ColorPalette'.
src/components/drawing/DrawingCelebration.tsx(234,63): error TS2339: Property 'accent' does not exist on type 'ColorPalette'.
src/components/drawing/DrawingCelebration.tsx(242,61): error TS2339: Property 'accent' does not exist on type 'ColorPalette'.
src/components/drawing/DrawingCelebration.tsx(246,61): error TS2339: Property 'accent' does not exist on type 'ColorPalette'.
src/components/drawing/DrawingCelebration.tsx(250,61): error TS2339: Property 'accent' does not exist on type 'ColorPalette'.
src/components/drawing/MagicTransformation.tsx(13,10): error TS2305: Module '"@/utils/platform/haptics"' has no exported member 'hapticFeedback'.
src/components/EditScreenInfo.tsx(4,30): error TS2307: Cannot find module './ExternalLink' or its corresponding type declarations.
src/components/EditScreenInfo.tsx(5,26): error TS2307: Cannot find module './StyledText' or its corresponding type declarations.
src/components/index.ts(6,15): error TS2307: Cannot find module './svg' or its corresponding type declarations.
src/components/index.ts(8,10): error TS2305: Module '"./Themed"' has no exported member 'default'.
src/components/ui/Button.tsx(12,10): error TS2305: Module '"@/utils/platform/haptics"' has no exported member 'hapticFeedback'.
src/components/ui/ExternalLink.tsx(14,7): error TS2322: Type 'string' is not assignable to type 'RelativePathString | ExternalPathString | "/" | `/?${string}` | `/#${string}` | "/modal" | `/modal?${string}` | `/modal#${string}` | "/_sitemap" | `/_sitemap?${string}` | `/_sitemap#${string}` | ... 113 more ... | { ...; }'.
src/components/ui/index.ts(4,10): error TS2305: Module '"./StyledText"' has no exported member 'StyledText'.
src/components/ui/StyledText.tsx(1,33): error TS2307: Cannot find module './Themed' or its corresponding type declarations.
src/context/DrawingContext.tsx(8,3): error TS2305: Module '"@/types/drawing"' has no exported member 'DrawingSession'.
src/context/DrawingContext.tsx(10,3): error TS2305: Module '"@/types/drawing"' has no exported member 'CanvasSettings'.
src/context/DrawingContext.tsx(11,3): error TS2305: Module '"@/types/drawing"' has no exported member 'ShapeTransformation'.
src/context/DrawingContext.tsx(12,3): error TS2305: Module '"@/types/drawing"' has no exported member 'DetectedShape'.
src/context/DrawingContext.tsx(13,3): error TS2305: Module '"@/types/drawing"' has no exported member 'DrawingContextType'.
src/context/DrawingContext.tsx(14,3): error TS2724: '"@/types/drawing"' has no exported member named 'DrawingStroke'. Did you mean 'DrawingState'?
src/context/DrawingContext.tsx(15,3): error TS2305: Module '"@/types/drawing"' has no exported member 'Size'.
src/context/DrawingContext.tsx(18,10): error TS2305: Module '"@/constants/colors"' has no exported member 'DrawingColors'.
src/context/DrawingContext.tsx(22,3): error TS2353: Object literal may only specify known properties, and 'id' does not exist in type 'DrawingTool'.
src/context/DrawingContext.tsx(40,3): error TS2353: Object literal may only specify known properties, and 'currentSession' does not exist in type 'DrawingState'.
src/context/DrawingContext.tsx(82,9): error TS2353: Object literal may only specify known properties, and 'currentSession' does not exist in type 'DrawingState'.
src/context/DrawingContext.tsx(88,18): error TS2339: Property 'currentSession' does not exist on type 'DrawingState'.
src/context/DrawingContext.tsx(91,18): error TS2339: Property 'currentSession' does not exist on type 'DrawingState'.
src/context/DrawingContext.tsx(94,39): error TS2339: Property 'currentSession' does not exist on type 'DrawingState'.
src/context/DrawingContext.tsx(99,9): error TS2353: Object literal may only specify known properties, and 'currentSession' does not exist in type 'DrawingState'.
src/context/DrawingContext.tsx(100,29): error TS2339: Property 'sessions' does not exist on type 'DrawingState'.
src/context/DrawingContext.tsx(104,18): error TS2339: Property 'currentSession' does not exist on type 'DrawingState'.
src/context/DrawingContext.tsx(106,38): error TS2339: Property 'undoStack' does not exist on type 'DrawingState'.
src/context/DrawingContext.tsx(106,55): error TS2339: Property 'currentSession' does not exist on type 'DrawingState'.
src/context/DrawingContext.tsx(106,82): error TS7006: Parameter 's' implicitly has an 'any' type.
src/context/DrawingContext.tsx(110,9): error TS2353: Object literal may only specify known properties, and 'currentSession' does not exist in type 'DrawingState'.
src/context/DrawingContext.tsx(111,20): error TS2339: Property 'currentSession' does not exist on type 'DrawingState'.
src/context/DrawingContext.tsx(112,30): error TS2339: Property 'currentSession' does not exist on type 'DrawingState'.
src/context/DrawingContext.tsx(125,18): error TS2339: Property 'currentSession' does not exist on type 'DrawingState'.
src/context/DrawingContext.tsx(127,39): error TS2339: Property 'undoStack' does not exist on type 'DrawingState'.
src/context/DrawingContext.tsx(127,56): error TS2339: Property 'currentSession' does not exist on type 'DrawingState'.
src/context/DrawingContext.tsx(127,83): error TS7006: Parameter 's' implicitly has an 'any' type.
src/context/DrawingContext.tsx(131,9): error TS2353: Object literal may only specify known properties, and 'currentSession' does not exist in type 'DrawingState'.
src/context/DrawingContext.tsx(132,20): error TS2339: Property 'currentSession' does not exist on type 'DrawingState'.
src/context/DrawingContext.tsx(133,30): error TS2339: Property 'currentSession' does not exist on type 'DrawingState'.
src/context/DrawingContext.tsx(142,9): error TS2353: Object literal may only specify known properties, and 'lastDetectedShape' does not exist in type 'DrawingState'.
src/context/DrawingContext.tsx(153,9): error TS2353: Object literal may only specify known properties, and 'transformationQueue' does not exist in type 'DrawingState'.
src/context/DrawingContext.tsx(153,40): error TS2339: Property 'transformationQueue' does not exist on type 'DrawingState'.
src/context/DrawingContext.tsx(157,18): error TS2339: Property 'currentSession' does not exist on type 'DrawingState'.
src/context/DrawingContext.tsx(159,45): error TS2339: Property 'transformationQueue' does not exist on type 'DrawingState'.
src/context/DrawingContext.tsx(160,9): error TS7006: Parameter 't' implicitly has an 'any' type.
src/context/DrawingContext.tsx(167,9): error TS2353: Object literal may only specify known properties, and 'currentSession' does not exist in type 'DrawingState'.
src/context/DrawingContext.tsx(168,20): error TS2339: Property 'currentSession' does not exist on type 'DrawingState'.
src/context/DrawingContext.tsx(169,38): error TS2339: Property 'currentSession' does not exist on type 'DrawingState'.
src/context/DrawingContext.tsx(171,36): error TS2339: Property 'transformationQueue' does not exist on type 'DrawingState'.
src/context/DrawingContext.tsx(171,63): error TS7006: Parameter 't' implicitly has an 'any' type.
src/context/DrawingContext.tsx(175,17): error TS2339: Property 'undoStack' does not exist on type 'DrawingState'.
src/context/DrawingContext.tsx(175,50): error TS2339: Property 'currentSession' does not exist on type 'DrawingState'.
src/context/DrawingContext.tsx(177,35): error TS2339: Property 'undoStack' does not exist on type 'DrawingState'.
src/context/DrawingContext.tsx(177,51): error TS2339: Property 'undoStack' does not exist on type 'DrawingState'.
src/context/DrawingContext.tsx(178,38): error TS2339: Property 'redoStack' does not exist on type 'DrawingState'.
src/context/DrawingContext.tsx(178,55): error TS2339: Property 'currentSession' does not exist on type 'DrawingState'.
src/context/DrawingContext.tsx(178,82): error TS7006: Parameter 's' implicitly has an 'any' type.
src/context/DrawingContext.tsx(182,9): error TS2353: Object literal may only specify known properties, and 'currentSession' does not exist in type 'DrawingState'.
src/context/DrawingContext.tsx(183,20): error TS2339: Property 'currentSession' does not exist on type 'DrawingState'.
src/context/DrawingContext.tsx(184,38): error TS7006: Parameter 'path' implicitly has an 'any' type.
src/context/DrawingContext.tsx(186,26): error TS2339: Property 'undoStack' does not exist on type 'DrawingState'.
src/context/DrawingContext.tsx(191,17): error TS2339: Property 'redoStack' does not exist on type 'DrawingState'.
src/context/DrawingContext.tsx(191,50): error TS2339: Property 'currentSession' does not exist on type 'DrawingState'.
src/context/DrawingContext.tsx(193,31): error TS2339: Property 'redoStack' does not exist on type 'DrawingState'.
src/context/DrawingContext.tsx(193,47): error TS2339: Property 'redoStack' does not exist on type 'DrawingState'.
src/context/DrawingContext.tsx(194,47): error TS2339: Property 'undoStack' does not exist on type 'DrawingState'.
src/context/DrawingContext.tsx(194,64): error TS2339: Property 'currentSession' does not exist on type 'DrawingState'.
src/context/DrawingContext.tsx(194,91): error TS7006: Parameter 's' implicitly has an 'any' type.
src/context/DrawingContext.tsx(198,9): error TS2353: Object literal may only specify known properties, and 'currentSession' does not exist in type 'DrawingState'.
src/context/DrawingContext.tsx(199,20): error TS2339: Property 'currentSession' does not exist on type 'DrawingState'.
src/context/DrawingContext.tsx(200,34): error TS7006: Parameter 'path' implicitly has an 'any' type.
src/context/DrawingContext.tsx(203,26): error TS2339: Property 'redoStack' does not exist on type 'DrawingState'.
src/context/DrawingContext.tsx(207,18): error TS2339: Property 'currentSession' does not exist on type 'DrawingState'.
src/context/DrawingContext.tsx(209,42): error TS2339: Property 'undoStack' does not exist on type 'DrawingState'.
src/context/DrawingContext.tsx(209,59): error TS2339: Property 'currentSession' does not exist on type 'DrawingState'.
src/context/DrawingContext.tsx(209,86): error TS7006: Parameter 's' implicitly has an 'any' type.
src/context/DrawingContext.tsx(213,9): error TS2353: Object literal may only specify known properties, and 'currentSession' does not exist in type 'DrawingState'.
src/context/DrawingContext.tsx(214,20): error TS2339: Property 'currentSession' does not exist on type 'DrawingState'.
src/context/DrawingContext.tsx(224,9): error TS2353: Object literal may only specify known properties, and 'currentTool' does not exist in type 'DrawingState'.
src/context/DrawingContext.tsx(230,9): error TS2353: Object literal may only specify known properties, and 'canvasSettings' does not exist in type 'DrawingState'.
src/context/DrawingContext.tsx(231,20): error TS2339: Property 'canvasSettings' does not exist on type 'DrawingState'.
src/context/DrawingContext.tsx(314,20): error TS2339: Property 'undoStack' does not exist on type 'DrawingState'.
src/context/DrawingContext.tsx(315,20): error TS2339: Property 'redoStack' does not exist on type 'DrawingState'.
src/context/ThemeContext.tsx(5,10): error TS2724: '"@/constants/colors"' has no exported member named 'COLORS'. Did you mean 'Colors'?
src/types/drawing.ts(99,10): error TS2352: Conversion of type 'string[]' to type 'GradientColors' may be a mistake because neither type sufficiently overlaps with the other. If this was intentional, convert the expression to 'unknown' first.
  Source provides no match for required element at position 0 in target.
src/utils/colors/gradientHelper.ts(13,10): error TS2352: Conversion of type 'string[]' to type 'GradientColors' may be a mistake because neither type sufficiently overlaps with the other. If this was intentional, convert the expression to 'unknown' first.
  Source provides no match for required element at position 0 in target.
src/utils/drawing/shapeDetection.ts(86,31): error TS2339: Property 'x' does not exist on type '{ width: number; height: number; }'.
src/utils/drawing/shapeDetection.ts(87,31): error TS2339: Property 'y' does not exist on type '{ width: number; height: number; }'.
src/utils/drawing/transformations.ts(46,10): error TS2678: Type '"squiggle"' is not comparable to type 'ShapeType'.
src/utils/drawing/transformations.ts(73,10): error TS2678: Type '"spiral"' is not comparable to type 'ShapeType'.
src/utils/index.ts(1,15): error TS2307: Cannot find module './colors' or its corresponding type declarations.
src/utils/index.ts(2,15): error TS2307: Cannot find module './drawing' or its corresponding type declarations.
src/utils/index.ts(3,15): error TS2307: Cannot find module './platform' or its corresponding type declarations.
src/utils/platform/haptics.ts(1,10): error TS2305: Module '"expo-haptics"' has no exported member 'Haptics'.

=== ERRORS BY FILE ===
  74 src/context/DrawingContext.tsx
  69 app/
  10 app/assessment/results.tsx
   9 src/components/drawing/DrawingCelebration.tsx
   6 app/onboarding/draw-anything.tsx
   6 app/assessment/questions.tsx
   5 app/index.tsx
   3 src/utils/index.ts
   3 app/assessment/drawing-test.tsx
   2 src/utils/drawing/transformations.ts
   2 src/utils/drawing/shapeDetection.ts
   2 src/components/index.ts
   2 src/components/EditScreenInfo.tsx
   2 src/components/drawing/CircleChallenge.tsx
   2 app/assessment/index.tsx
   1 src/utils/platform/haptics.ts
   1 src/utils/colors/gradientHelper.ts
   1 src/types/drawing.ts
   1 src/context/ThemeContext.tsx
   1 src/components/ui/StyledText.tsx
   1 src/components/ui/index.ts
   1 src/components/ui/ExternalLink.tsx
   1 src/components/ui/Button.tsx
   1 src/components/drawing/MagicTransformation.tsx
   1 src/components/drawing/DrawAnythingCanvas.tsx

=== PROJECT FILES ===
./__tests__/components/drawing/DrawAnythingCanvas.test.tsx
./__tests__/components/ui/Button.test.tsx
./__tests__/e2e/onboarding.test.ts
./__tests__/hooks/drawing/useShapeDetection.test.ts
./__tests__/performance/drawing.test.ts
./__tests__/utils/drawing/shapeDetection.test.ts
./.expo/types/router.d.ts
./app/_layout.tsx
./app/(tabs)/_layout.tsx
./app/(tabs)/home.tsx
./app/(tabs)/index.tsx
./app/(tabs)/practice.tsx
./app/(tabs)/profile.tsx
./app/(tabs)/progress.tsx
./app/(tabs)/two.tsx
./app/+html.tsx
./app/+not-found.tsx
./app/admin/analytics.tsx
./app/admin/debug.tsx
./app/admin/performance.tsx
./app/assessment/drawing-test.tsx
./app/assessment/index.tsx
./app/assessment/questions.tsx
./app/assessment/results.tsx
./app/index.tsx
./app/lessons/_layout.tsx
./app/lessons/complete.tsx
./app/lessons/feedback.tsx
./app/modal.tsx
./app/onboarding/draw-anything.tsx
./app/onboarding/permissions.tsx
./app/social/_layout.tsx
./app/social/challenges.tsx
./app/social/gallery.tsx
./app/social/share.tsx
./app/subscription/_layout.tsx
./app/subscription/manage.tsx
./app/subscription/plans.tsx
./app/subscription/success.tsx
./expo-env.d.ts
./src/components/drawing/BrushSettings.tsx
./src/components/drawing/CircleChallenge.tsx
./src/components/drawing/ColorPicker.tsx
./src/components/drawing/DrawAnythingCanvas.tsx
./src/components/drawing/DrawingCelebration.tsx
./src/components/drawing/index.ts
./src/components/drawing/MagicTransformation.tsx
./src/components/drawing/ShapeDetector.tsx
./src/components/drawing/ToolPalette.tsx
./src/components/drawing/TouchDrawingCanvas.tsx
./src/components/EditScreenInfo.tsx
./src/components/index.ts
./src/components/lesson/AIFeedback.tsx
./src/components/lesson/CompletionReward.tsx
./src/components/lesson/LessonPlayer.tsx
./src/components/lesson/ProgressTracker.tsx
./src/components/lesson/StepByStep.tsx
./src/components/social/ArtworkCard.tsx
./src/components/social/ChallengeCard.tsx
./src/components/social/ReactionButton.tsx
./src/components/social/ShareModal.tsx
./src/components/subscription/FeatureComparison.tsx
./src/components/subscription/PaywallScreen.tsx
./src/components/subscription/PurchaseButton.tsx
./src/components/subscription/TrialBanner.tsx
./src/components/svg/SvgComponents.tsx
./src/components/Themed.tsx
./src/components/ui/AnimatedText.tsx
./src/components/ui/Badge.tsx
./src/components/ui/Button.tsx
./src/components/ui/Card.tsx
./src/components/ui/ExternalLink.tsx
./src/components/ui/index.ts
./src/components/ui/Input.tsx
./src/components/ui/LoadingSpinner.tsx
./src/components/ui/Modal.tsx
./src/components/ui/ProgressBar.tsx
./src/components/ui/StyledText.tsx
./src/constants/animations.ts
./src/constants/api.ts
./src/constants/app.ts
./src/constants/colors.ts
./src/constants/dimensions.ts
./src/constants/features.ts
./src/constants/fonts.ts
./src/context/AnalyticsContext.tsx
./src/context/DrawingContext.tsx
./src/context/LessonContext.tsx
./src/context/SocialContext.tsx
./src/context/SubscriptionContext.tsx
./src/context/ThemeContext.tsx
./src/context/UserProgressContext.tsx
./src/data/achievements/index.ts
./src/data/lessons/index.ts
./src/data/shapes/index.ts
./src/data/tips/index.ts
./src/data/transformations/index.ts
./src/hooks/drawing/useCanvasGestures.ts
./src/hooks/drawing/useDrawing.ts
./src/hooks/drawing/useDrawingHistory.ts
./src/hooks/drawing/useShapeDetection.ts
./src/hooks/lessons/useAIFeedback.ts
./src/hooks/lessons/useLessonProgress.ts
./src/hooks/lessons/usePersonalization.ts
./src/hooks/lessons/useTimedLessons.ts
./src/hooks/platform/useBiometrics.ts
./src/hooks/platform/useDeepLinks.ts
./src/hooks/platform/useHaptics.ts
./src/hooks/platform/useOrientation.ts
./src/hooks/user/useAchievements.ts
./src/hooks/user/useStreaks.ts
./src/hooks/user/useSubscription.ts
./src/hooks/user/useUserProgress.ts
./src/services/ai/feedbackAI.ts
./src/services/ai/openaiService.ts
./src/services/ai/visionService.ts
./src/services/api/analyticsService.ts
./src/services/api/authService.ts
./src/services/api/lessonService.ts
./src/services/api/socialService.ts
./src/services/api/userService.ts
./src/services/platform/analytics.ts
./src/services/platform/cloudStorage.ts
./src/services/platform/crashlytics.ts
./src/services/platform/pushNotifications.ts
./src/services/subscription/entitlements.ts
./src/services/subscription/purchaseValidator.ts
./src/services/subscription/revenueCat.ts
./src/types/analytics.ts
./src/types/api.ts
./src/types/drawing.ts
./src/types/lesson.ts
./src/types/navigation.ts
./src/types/social.ts
./src/types/subscription.ts
./src/types/user.ts
./src/utils/ai/feedbackEngine.ts
./src/utils/ai/personalizedTips.ts
./src/utils/ai/progressPrediction.ts
./src/utils/ai/skillAssessment.ts
./src/utils/colors/gradientHelper.ts
./src/utils/common/errorHandling.ts
./src/utils/common/formatters.ts
./src/utils/common/storage.ts
./src/utils/common/validators.ts
./src/utils/drawing/colorAnalysis.ts
./src/utils/drawing/geometryUtils.ts
./src/utils/drawing/pathOptimization.ts
./src/utils/drawing/shapeDetection.ts
./src/utils/drawing/transformations.ts
./src/utils/index.ts
./src/utils/platform/haptics.ts
./src/utils/platform/useClientOnlyValue.ts
./src/utils/platform/useClientOnlyValue.web.ts
./src/utils/platform/useColorScheme.ts
./src/utils/platform/useColorScheme.web.ts
